gs2671
*   4d61745 9th Commit (6th on master)
|\  
| *   d520257 8th Commit (2nd on test2)
| |\  
| * | fb094a0 6th Commit (1st on test2)
* | |   1b4be69 7th Commit (5th on master)
|\ \ \  
| | |/  
| |/|   
| * |   45d1bc2 5th Commit (1st on test3)
| |\ \  
| | |/  
| | * a29ddd2 3rd Commit (1st on test1)
* | | babe0bf 4th Commit (3rd on master)
|/ /  
* | 16e0670 2nd Commit (2nd on master)
|/  
* 301f57f 1st Commit (1st on master)

swh274
*   a797910 has 1,2,1-1,2-1 DONE.
|\  
| *   a9e3933 has 1, 2, 2-1
| |\  
| * | 5df3d5b added 2-1
* | |   a4d9ce5 has 1, 2, 1-1
|\ \ \  
| | |/  
| |/|   
| * |   6e7146b has 1 and 2
| |\ \  
| | |/  
| | * 8a9c6ac added 2
* | | b814f5c added 1-1
|/ /  
* | 6173020 added 1
|/  
* 3f775aa added M
