gs2671
*   4d61745 9th Commit (6th on master)
|\  
| *   d520257 8th Commit (2nd on test2)
| |\  
| * | fb094a0 6th Commit (1st on test2)
* | |   1b4be69 7th Commit (5th on master)
|\ \ \  
| | |/  
| |/|   
| * |   45d1bc2 5th Commit (1st on test3)
| |\ \  
| | |/  
| | * a29ddd2 3rd Commit (1st on test1)
* | | babe0bf 4th Commit (3rd on master)
|/ /  
* | 16e0670 2nd Commit (2nd on master)
|/  
* 301f57f 1st Commit (1st on master)


jmp840
*   615a14b fifth commit on master
|\  
| *   8f87e41 third commit on test1
| |\  
| * | 68b74cf second commit on test1
* | |   2c87d1a forth commit on master
|\ \ \  
| | |/  
| |/|   
| * |   4a9145a first commit on test2
| |\ \  
| | |/  
| | * 0a73d1c first commit on test1
* | | 8c8f6c1 third commit on master
|/ /  
* | 095a29c second commit on master
|/  
* a3e635b first commit on master
