gs2671
*   4d61745 9th Commit (6th on master)
|\  
| *   d520257 8th Commit (2nd on test2)
| |\  
| * | fb094a0 6th Commit (1st on test2)
* | |   1b4be69 7th Commit (5th on master)
|\ \ \  
| | |/  
| |/|   
| * |   45d1bc2 5th Commit (1st on test3)
| |\ \  
| | |/  
| | * a29ddd2 3rd Commit (1st on test1)
* | | babe0bf 4th Commit (3rd on master)
|/ /  
* | 16e0670 2nd Commit (2nd on master)
|/  
* 301f57f 1st Commit (1st on master)

jmp840
*   615a14b fifth commit on master
|\  
| *   8f87e41 third commit on test1
| |\  
| * | 68b74cf second commit on test1
* | |   2c87d1a forth commit on master
|\ \ \  
| | |/  
| |/|   
| * |   4a9145a first commit on test2
| |\ \  
| | |/  
| | * 0a73d1c first commit on test1
* | | 8c8f6c1 third commit on master
|/ /  
* | 095a29c second commit on master
|/  
* a3e635b first commit on master

swh274
*   a797910 has 1,2,1-1,2-1 DONE.
|\  
| *   a9e3933 has 1, 2, 2-1
| |\  
| * | 5df3d5b added 2-1
* | |   a4d9ce5 has 1, 2, 1-1
|\ \ \  
| | |/  
| |/|   
| * |   6e7146b has 1 and 2
| |\ \  
| | |/  
| | * 8a9c6ac added 2
* | | b814f5c added 1-1
|/ /  
* | 6173020 added 1
|/  
* 3f775aa added M

vr839
*   9be4327 Merge branch 'b1'
|\  
| *   10bce00 Merge branch 'b2' into b1
| |\  
| * | c462215 file 2 in B1
* | |   b6223b9 Merge branch 'b2'
|\ \ \  
| | |/  
| |/|   
| * |   99eb019 Merge branch 'master' into b2
| |\ \  
| | |/  
| |/|   
| * | 21923df file 1 in b1
* | | d2d8898 file 2 in Master
| |/  
|/|   
* | 60d92ed file 1 in Master
|/  
* 10c6a25 New