swh274
*   a797910 has 1,2,1-1,2-1 DONE.
|\  
| *   a9e3933 has 1, 2, 2-1
| |\  
| * | 5df3d5b added 2-1
* | |   a4d9ce5 has 1, 2, 1-1
|\ \ \  
| | |/  
| |/|   
| * |   6e7146b has 1 and 2
| |\ \  
| | |/  
| | * 8a9c6ac added 2
* | | b814f5c added 1-1
|/ /  
* | 6173020 added 1
|/  
* 3f775aa added M

vr839
*   9be4327 Merge branch 'b1'
|\  
| *   10bce00 Merge branch 'b2' into b1
| |\  
| * | c462215 file 2 in B1
* | |   b6223b9 Merge branch 'b2'
|\ \ \  
| | |/  
| |/|   
| * |   99eb019 Merge branch 'master' into b2
| |\ \  
| | |/  
| |/|   
| * | 21923df file 1 in b1
* | | d2d8898 file 2 in Master
| |/  
|/|   
* | 60d92ed file 1 in Master
|/  
* 10c6a25 New

